I, [2024-11-29T02:54:18.076095 #9303]  INFO -- : Migrating to Setup (1)
I, [2024-11-29T02:54:18.884015 #9303]  INFO -- : Migrating to IssueMove (2)
I, [2024-11-29T02:54:18.891528 #9303]  INFO -- : Migrating to IssueAddNote (3)
I, [2024-11-29T02:54:18.899698 #9303]  INFO -- : Migrating to ExportPdf (4)
I, [2024-11-29T02:54:18.908074 #9303]  INFO -- : Migrating to IssueStartDate (5)
I, [2024-11-29T02:54:18.968114 #9303]  INFO -- : Migrating to CalendarAndActivity (6)
I, [2024-11-29T02:54:18.980224 #9303]  INFO -- : Migrating to CreateJournals (7)
I, [2024-11-29T02:54:19.091031 #9303]  INFO -- : Migrating to CreateUserPreferences (8)
I, [2024-11-29T02:54:19.115744 #9303]  INFO -- : Migrating to AddHideMailPref (9)
I, [2024-11-29T02:54:19.146447 #9303]  INFO -- : Migrating to CreateComments (10)
I, [2024-11-29T02:54:19.174081 #9303]  INFO -- : Migrating to AddNewsCommentsCount (11)
I, [2024-11-29T02:54:19.205810 #9303]  INFO -- : Migrating to AddCommentsPermissions (12)
I, [2024-11-29T02:54:19.214387 #9303]  INFO -- : Migrating to CreateQueries (13)
I, [2024-11-29T02:54:19.240729 #9303]  INFO -- : Migrating to AddQueriesPermissions (14)
I, [2024-11-29T02:54:19.248719 #9303]  INFO -- : Migrating to CreateRepositories (15)
I, [2024-11-29T02:54:19.275220 #9303]  INFO -- : Migrating to AddRepositoriesPermissions (16)
I, [2024-11-29T02:54:19.287672 #9303]  INFO -- : Migrating to CreateSettings (17)
I, [2024-11-29T02:54:19.349189 #9303]  INFO -- : Migrating to SetDocAndFilesNotifications (18)
I, [2024-11-29T02:54:19.364451 #9303]  INFO -- : Migrating to AddIssueStatusPosition (19)
I, [2024-11-29T02:54:19.397416 #9303]  INFO -- : Migrating to AddRolePosition (20)
I, [2024-11-29T02:54:19.438401 #9303]  INFO -- : Migrating to AddTrackerPosition (21)
I, [2024-11-29T02:54:19.477838 #9303]  INFO -- : Migrating to SerializePossiblesValues (22)
I, [2024-11-29T02:54:19.480058 #9303]  INFO -- : Migrating to AddTrackerIsInRoadmap (23)
I, [2024-11-29T02:54:19.508962 #9303]  INFO -- : Migrating to AddRoadmapPermission (24)
I, [2024-11-29T02:54:19.516113 #9303]  INFO -- : Migrating to AddSearchPermission (25)
I, [2024-11-29T02:54:19.523296 #9303]  INFO -- : Migrating to AddRepositoryLoginAndPassword (26)
I, [2024-11-29T02:54:19.580410 #9303]  INFO -- : Migrating to CreateWikis (27)
I, [2024-11-29T02:54:19.629587 #9303]  INFO -- : Migrating to CreateWikiPages (28)
I, [2024-11-29T02:54:19.682617 #9303]  INFO -- : Migrating to CreateWikiContents (29)
I, [2024-11-29T02:54:19.798978 #9303]  INFO -- : Migrating to AddProjectsFeedsPermissions (30)
I, [2024-11-29T02:54:19.806840 #9303]  INFO -- : Migrating to AddRepositoryRootUrl (31)
I, [2024-11-29T02:54:19.835785 #9303]  INFO -- : Migrating to CreateTimeEntries (32)
I, [2024-11-29T02:54:19.910151 #9303]  INFO -- : Migrating to AddTimelogPermissions (33)
I, [2024-11-29T02:54:19.917763 #9303]  INFO -- : Migrating to CreateChangesets (34)
I, [2024-11-29T02:54:19.967437 #9303]  INFO -- : Migrating to CreateChanges (35)
I, [2024-11-29T02:54:20.016261 #9303]  INFO -- : Migrating to AddChangesetCommitDate (36)
I, [2024-11-29T02:54:20.063803 #9303]  INFO -- : Migrating to AddProjectIdentifier (37)
I, [2024-11-29T02:54:20.092992 #9303]  INFO -- : Migrating to AddCustomFieldIsFilter (38)
I, [2024-11-29T02:54:20.123373 #9303]  INFO -- : Migrating to CreateWatchers (39)
I, [2024-11-29T02:54:20.149424 #9303]  INFO -- : Migrating to CreateChangesetsIssues (40)
I, [2024-11-29T02:54:20.202041 #9303]  INFO -- : Migrating to RenameCommentToComments (41)
I, [2024-11-29T02:54:20.222766 #9303]  INFO -- : Migrating to CreateIssueRelations (42)
I, [2024-11-29T02:54:20.248696 #9303]  INFO -- : Migrating to AddRelationsPermissions (43)
I, [2024-11-29T02:54:20.257281 #9303]  INFO -- : Migrating to SetLanguageLengthToFive (44)
I, [2024-11-29T02:54:20.282130 #9303]  INFO -- : Migrating to CreateBoards (45)
I, [2024-11-29T02:54:20.330762 #9303]  INFO -- : Migrating to CreateMessages (46)
I, [2024-11-29T02:54:20.407499 #9303]  INFO -- : Migrating to AddBoardsPermissions (47)
I, [2024-11-29T02:54:20.417098 #9303]  INFO -- : Migrating to AllowNullVersionEffectiveDate (48)
I, [2024-11-29T02:54:20.442157 #9303]  INFO -- : Migrating to AddWikiDestroyPagePermission (49)
I, [2024-11-29T02:54:20.449665 #9303]  INFO -- : Migrating to AddWikiAttachmentsPermissions (50)
I, [2024-11-29T02:54:20.467780 #9303]  INFO -- : Migrating to AddProjectStatus (51)
I, [2024-11-29T02:54:20.498459 #9303]  INFO -- : Migrating to AddChangesRevision (52)
I, [2024-11-29T02:54:20.529349 #9303]  INFO -- : Migrating to AddChangesBranch (53)
I, [2024-11-29T02:54:20.560233 #9303]  INFO -- : Migrating to AddChangesetsScmid (54)
I, [2024-11-29T02:54:20.590828 #9303]  INFO -- : Migrating to AddRepositoriesType (55)
I, [2024-11-29T02:54:20.621518 #9303]  INFO -- : Migrating to AddRepositoriesChangesPermission (56)
I, [2024-11-29T02:54:20.629695 #9303]  INFO -- : Migrating to AddVersionsWikiPageTitle (57)
I, [2024-11-29T02:54:20.659961 #9303]  INFO -- : Migrating to AddIssueCategoriesAssignedToId (58)
I, [2024-11-29T02:54:20.691341 #9303]  INFO -- : Migrating to AddRolesAssignable (59)
I, [2024-11-29T02:54:20.721304 #9303]  INFO -- : Migrating to ChangeChangesetsCommitterLimit (60)
I, [2024-11-29T02:54:20.752306 #9303]  INFO -- : Migrating to AddRolesBuiltin (61)
I, [2024-11-29T02:54:20.782327 #9303]  INFO -- : Migrating to InsertBuiltinRoles (62)
I, [2024-11-29T02:54:21.351408 #9303]  INFO -- : Migrating to AddRolesPermissions (63)
I, [2024-11-29T02:54:21.407907 #9303]  INFO -- : Migrating to DropPermissions (64)
I, [2024-11-29T02:54:21.413873 #9303]  INFO -- : Migrating to AddSettingsUpdatedOn (65)
I, [2024-11-29T02:54:21.467472 #9303]  INFO -- : Migrating to AddCustomValueCustomizedIndex (66)
I, [2024-11-29T02:54:21.493311 #9303]  INFO -- : Migrating to CreateWikiRedirects (67)
I, [2024-11-29T02:54:21.546063 #9303]  INFO -- : Migrating to CreateEnabledModules (68)
I, [2024-11-29T02:54:21.627516 #9303]  INFO -- : Migrating to AddIssuesEstimatedHours (69)
I, [2024-11-29T02:54:21.658863 #9303]  INFO -- : Migrating to ChangeAttachmentsContentTypeLimit (70)
I, [2024-11-29T02:54:21.691145 #9303]  INFO -- : Migrating to AddQueriesColumnNames (71)
I, [2024-11-29T02:54:21.721096 #9303]  INFO -- : Migrating to AddEnumerationsPosition (72)
W, [2024-11-29T02:54:21.726091 #9303]  WARN -- : Creating scope :system. Overwriting existing method Enumeration.system.
I, [2024-11-29T02:54:21.757642 #9303]  INFO -- : Migrating to AddEnumerationsIsDefault (73)
I, [2024-11-29T02:54:21.787692 #9303]  INFO -- : Migrating to AddAuthSourcesTls (74)
I, [2024-11-29T02:54:21.817754 #9303]  INFO -- : Migrating to AddMembersMailNotification (75)
I, [2024-11-29T02:54:21.847419 #9303]  INFO -- : Migrating to AllowNullPosition (76)
I, [2024-11-29T02:54:21.964369 #9303]  INFO -- : Migrating to RemoveIssueStatusesHtmlColor (77)
I, [2024-11-29T02:54:21.992045 #9303]  INFO -- : Migrating to AddCustomFieldsPosition (78)
I, [2024-11-29T02:54:22.020730 #9303]  INFO -- : Migrating to AddUserPreferencesTimeZone (79)
I, [2024-11-29T02:54:22.049726 #9303]  INFO -- : Migrating to AddUsersType (80)
W, [2024-11-29T02:54:22.122745 #9303]  WARN -- : Creating scope :sorted. Overwriting existing method User.sorted.
I, [2024-11-29T02:54:22.126118 #9303]  INFO -- : Migrating to CreateProjectsTrackers (81)
I, [2024-11-29T02:54:22.182277 #9303]  INFO -- : Migrating to AddMessagesLocked (82)
I, [2024-11-29T02:54:22.213976 #9303]  INFO -- : Migrating to AddMessagesSticky (83)
I, [2024-11-29T02:54:22.245499 #9303]  INFO -- : Migrating to ChangeAuthSourcesAccountLimit (84)
I, [2024-11-29T02:54:22.294619 #9303]  INFO -- : Migrating to AddRoleTrackerOldStatusIndexToWorkflows (85)
I, [2024-11-29T02:54:22.322205 #9303]  INFO -- : Migrating to AddCustomFieldsSearchable (86)
I, [2024-11-29T02:54:22.352047 #9303]  INFO -- : Migrating to ChangeProjectsDescriptionToText (87)
I, [2024-11-29T02:54:22.383566 #9303]  INFO -- : Migrating to AddCustomFieldsDefaultValue (88)
I, [2024-11-29T02:54:22.412160 #9303]  INFO -- : Migrating to AddAttachmentsDescription (89)
I, [2024-11-29T02:54:22.440471 #9303]  INFO -- : Migrating to ChangeVersionsNameLimit (90)
I, [2024-11-29T02:54:22.473455 #9303]  INFO -- : Migrating to ChangeChangesetsRevisionToString (91)
I, [2024-11-29T02:54:22.557283 #9303]  INFO -- : Migrating to ChangeChangesFromRevisionToString (92)
I, [2024-11-29T02:54:22.589307 #9303]  INFO -- : Migrating to AddWikiPagesProtected (93)
I, [2024-11-29T02:54:22.619640 #9303]  INFO -- : Migrating to ChangeProjectsHomepageLimit (94)
I, [2024-11-29T02:54:22.650806 #9303]  INFO -- : Migrating to AddWikiPagesParentId (95)
I, [2024-11-29T02:54:22.679344 #9303]  INFO -- : Migrating to AddCommitAccessPermission (96)
I, [2024-11-29T02:54:22.681372 #9303]  INFO -- : Migrating to AddViewWikiEditsPermission (97)
I, [2024-11-29T02:54:22.683203 #9303]  INFO -- : Migrating to SetTopicAuthorsAsWatchers (98)
I, [2024-11-29T02:54:22.699897 #9303]  INFO -- : Migrating to AddDeleteWikiPagesAttachmentsPermission (99)
I, [2024-11-29T02:54:22.702117 #9303]  INFO -- : Migrating to AddChangesetsUserId (100)
I, [2024-11-29T02:54:22.732529 #9303]  INFO -- : Migrating to PopulateChangesetsUserId (101)
I, [2024-11-29T02:54:22.734548 #9303]  INFO -- : Migrating to AddCustomFieldsEditable (102)
I, [2024-11-29T02:54:22.763378 #9303]  INFO -- : Migrating to SetCustomFieldsEditable (103)
I, [2024-11-29T02:54:22.768172 #9303]  INFO -- : Migrating to AddProjectsLftAndRgt (104)
I, [2024-11-29T02:54:22.824442 #9303]  INFO -- : Migrating to BuildProjectsTree (105)
I, [2024-11-29T02:54:22.828780 #9303]  INFO -- : Migrating to RemoveProjectsProjectsCount (106)
I, [2024-11-29T02:54:22.857430 #9303]  INFO -- : Migrating to AddOpenIdAuthenticationTables (107)
I, [2024-11-29T02:54:22.908672 #9303]  INFO -- : Migrating to AddIdentityUrlToUsers (108)
I, [2024-11-29T02:54:22.964796 #9303]  INFO -- : Migrating to AddWatchersUserIdTypeIndex (20090214190337)
I, [2024-11-29T02:54:22.991159 #9303]  INFO -- : Migrating to AddQueriesSortCriteria (20090312172426)
I, [2024-11-29T02:54:23.022275 #9303]  INFO -- : Migrating to AddProjectsTrackersUniqueIndex (20090312194159)
I, [2024-11-29T02:54:23.053315 #9303]  INFO -- : Migrating to ExtendSettingsName (20090318181151)
I, [2024-11-29T02:54:23.085766 #9303]  INFO -- : Migrating to AddTypeToEnumerations (20090323224724)
I, [2024-11-29T02:54:23.116341 #9303]  INFO -- : Migrating to UpdateEnumerationsToSti (20090401221305)
I, [2024-11-29T02:54:23.122031 #9303]  INFO -- : Migrating to AddActiveFieldToEnumerations (20090401231134)
I, [2024-11-29T02:54:23.150337 #9303]  INFO -- : Migrating to AddProjectToEnumerations (20090403001910)
I, [2024-11-29T02:54:23.204094 #9303]  INFO -- : Migrating to AddParentIdToEnumerations (20090406161854)
I, [2024-11-29T02:54:23.231699 #9303]  INFO -- : Migrating to AddQueriesGroupBy (20090425161243)
I, [2024-11-29T02:54:23.262223 #9303]  INFO -- : Migrating to CreateMemberRoles (20090503121501)
I, [2024-11-29T02:54:23.289294 #9303]  INFO -- : Migrating to PopulateMemberRoles (20090503121505)
I, [2024-11-29T02:54:23.300025 #9303]  INFO -- : Migrating to DropMembersRoleId (20090503121510)
I, [2024-11-29T02:54:23.335305 #9303]  INFO -- : Migrating to FixMessagesStickyNull (20090614091200)
I, [2024-11-29T02:54:23.338485 #9303]  INFO -- : Migrating to PopulateUsersType (20090704172350)
I, [2024-11-29T02:54:23.340325 #9303]  INFO -- : Migrating to CreateGroupsUsers (20090704172355)
I, [2024-11-29T02:54:23.394522 #9303]  INFO -- : Migrating to AddMemberRolesInheritedFrom (20090704172358)
I, [2024-11-29T02:54:23.425327 #9303]  INFO -- : Migrating to FixUsersCustomValues (20091010093521)
I, [2024-11-29T02:54:23.430096 #9303]  INFO -- : Migrating to AddMissingIndexesToWorkflows (20091017212227)
I, [2024-11-29T02:54:23.504296 #9303]  INFO -- : Migrating to AddMissingIndexesToCustomFieldsProjects (20091017212457)
I, [2024-11-29T02:54:23.530088 #9303]  INFO -- : Migrating to AddMissingIndexesToMessages (20091017212644)
I, [2024-11-29T02:54:23.581489 #9303]  INFO -- : Migrating to AddMissingIndexesToRepositories (20091017212938)
I, [2024-11-29T02:54:23.607427 #9303]  INFO -- : Migrating to AddMissingIndexesToComments (20091017213027)
I, [2024-11-29T02:54:23.656577 #9303]  INFO -- : Migrating to AddMissingIndexesToEnumerations (20091017213113)
I, [2024-11-29T02:54:23.682036 #9303]  INFO -- : Migrating to AddMissingIndexesToWikiPages (20091017213151)
I, [2024-11-29T02:54:23.731395 #9303]  INFO -- : Migrating to AddMissingIndexesToWatchers (20091017213228)
I, [2024-11-29T02:54:23.781796 #9303]  INFO -- : Migrating to AddMissingIndexesToAuthSources (20091017213257)
I, [2024-11-29T02:54:23.808452 #9303]  INFO -- : Migrating to AddMissingIndexesToDocuments (20091017213332)
I, [2024-11-29T02:54:23.835506 #9303]  INFO -- : Migrating to AddMissingIndexesToTokens (20091017213444)
I, [2024-11-29T02:54:23.860919 #9303]  INFO -- : Migrating to AddMissingIndexesToChangesets (20091017213536)
I, [2024-11-29T02:54:23.910045 #9303]  INFO -- : Migrating to AddMissingIndexesToIssueCategories (20091017213642)
I, [2024-11-29T02:54:23.935891 #9303]  INFO -- : Migrating to AddMissingIndexesToMemberRoles (20091017213716)
I, [2024-11-29T02:54:23.986229 #9303]  INFO -- : Migrating to AddMissingIndexesToBoards (20091017213757)
I, [2024-11-29T02:54:24.011610 #9303]  INFO -- : Migrating to AddMissingIndexesToUserPreferences (20091017213835)
I, [2024-11-29T02:54:24.035728 #9303]  INFO -- : Migrating to AddMissingIndexesToIssues (20091017213910)
I, [2024-11-29T02:54:24.203578 #9303]  INFO -- : Migrating to AddMissingIndexesToMembers (20091017214015)
I, [2024-11-29T02:54:24.253750 #9303]  INFO -- : Migrating to AddMissingIndexesToCustomFields (20091017214107)
I, [2024-11-29T02:54:24.279666 #9303]  INFO -- : Migrating to AddMissingIndexesToQueries (20091017214136)
I, [2024-11-29T02:54:24.331073 #9303]  INFO -- : Migrating to AddMissingIndexesToTimeEntries (20091017214236)
I, [2024-11-29T02:54:24.382487 #9303]  INFO -- : Migrating to AddMissingIndexesToNews (20091017214308)
I, [2024-11-29T02:54:24.409171 #9303]  INFO -- : Migrating to AddMissingIndexesToUsers (20091017214336)
I, [2024-11-29T02:54:24.468414 #9303]  INFO -- : Migrating to AddMissingIndexesToAttachments (20091017214406)
I, [2024-11-29T02:54:24.520423 #9303]  INFO -- : Migrating to AddMissingIndexesToWikiContents (20091017214440)
I, [2024-11-29T02:54:24.546775 #9303]  INFO -- : Migrating to AddMissingIndexesToCustomValues (20091017214519)
I, [2024-11-29T02:54:24.571875 #9303]  INFO -- : Migrating to AddMissingIndexesToJournals (20091017214611)
I, [2024-11-29T02:54:24.622799 #9303]  INFO -- : Migrating to AddMissingIndexesToIssueRelations (20091017214644)
I, [2024-11-29T02:54:24.671723 #9303]  INFO -- : Migrating to AddMissingIndexesToWikiRedirects (20091017214720)
I, [2024-11-29T02:54:24.696403 #9303]  INFO -- : Migrating to AddMissingIndexesToCustomFieldsTrackers (20091017214750)
I, [2024-11-29T02:54:24.723329 #9303]  INFO -- : Migrating to AddActivityIndexes (20091025163651)
I, [2024-11-29T02:54:24.959494 #9303]  INFO -- : Migrating to AddVersionsStatus (20091108092559)
I, [2024-11-29T02:54:24.997186 #9303]  INFO -- : Migrating to AddViewIssuesPermission (20091114105931)
I, [2024-11-29T02:54:25.010246 #9303]  INFO -- : Migrating to AddDefaultDoneRatioToIssueStatus (20091123212029)
I, [2024-11-29T02:54:25.039746 #9303]  INFO -- : Migrating to AddVersionsSharing (20091205124427)
I, [2024-11-29T02:54:25.093095 #9303]  INFO -- : Migrating to AddLftAndRgtIndexesToProjects (20091220183509)
I, [2024-11-29T02:54:25.142687 #9303]  INFO -- : Migrating to AddIndexToSettingsName (20091220183727)
I, [2024-11-29T02:54:25.173420 #9303]  INFO -- : Migrating to AddIndexesToIssueStatus (20091220184736)
I, [2024-11-29T02:54:25.247160 #9303]  INFO -- : Migrating to RemoveEnumerationsOpt (20091225164732)
I, [2024-11-29T02:54:25.295995 #9303]  INFO -- : Migrating to ChangeWikiContentsTextLimit (20091227112908)
I, [2024-11-29T02:54:25.361813 #9303]  INFO -- : Migrating to ChangeUsersMailNotificationToString (20100129193402)
I, [2024-11-29T02:54:25.501751 #9303]  INFO -- : Migrating to UpdateMailNotificationValues (20100129193813)
I, [2024-11-29T02:54:25.503496 #9303]  INFO -- : Migrating to AddIndexOnChangesetsScmid (20100221100219)
I, [2024-11-29T02:54:25.529990 #9303]  INFO -- : Migrating to AddIssuesNestedSetsColumns (20100313132032)
I, [2024-11-29T02:54:25.688874 #9303]  INFO -- : Migrating to AddIndexOnIssuesNestedSet (20100313171051)
I, [2024-11-29T02:54:25.714029 #9303]  INFO -- : Migrating to ChangeChangesPathLengthLimit (20100705164950)
I, [2024-11-29T02:54:25.827816 #9303]  INFO -- : Migrating to EnableCalendarAndGanttModulesWhereAppropriate (20100819172912)
I, [2024-11-29T02:54:25.833706 #9303]  INFO -- : Migrating to AddUniqueIndexOnMembers (20101104182107)
I, [2024-11-29T02:54:25.862364 #9303]  INFO -- : Migrating to AddCustomFieldsVisible (20101107130441)
I, [2024-11-29T02:54:25.894440 #9303]  INFO -- : Migrating to ChangeProjectsNameLimit (20101114115114)
I, [2024-11-29T02:54:25.928691 #9303]  INFO -- : Migrating to ChangeProjectsIdentifierLimit (20101114115359)
I, [2024-11-29T02:54:25.962887 #9303]  INFO -- : Migrating to AddWorkflowsAssigneeAndAuthor (20110220160626)
I, [2024-11-29T02:54:26.033593 #9303]  INFO -- : Migrating to AddUsersSalt (20110223180944)
I, [2024-11-29T02:54:26.093263 #9303]  INFO -- : Migrating to SaltUserPasswords (20110223180953)
I, [2024-11-29T02:54:26.113497 #9303]  INFO -- : Migrating to AddRepositoriesPathEncoding (20110224000000)
I, [2024-11-29T02:54:26.142355 #9303]  INFO -- : Migrating to ChangeRepositoriesPasswordLimit (20110226120112)
I, [2024-11-29T02:54:26.175436 #9303]  INFO -- : Migrating to ChangeAuthSourcesAccountPasswordLimit (20110226120132)
I, [2024-11-29T02:54:26.209039 #9303]  INFO -- : Migrating to ChangeJournalDetailsValuesToText (20110227125750)
I, [2024-11-29T02:54:26.272852 #9303]  INFO -- : Migrating to AddRepositoriesLogEncoding (20110228000000)
I, [2024-11-29T02:54:26.303417 #9303]  INFO -- : Migrating to CopyRepositoriesLogEncoding (20110228000100)
I, [2024-11-29T02:54:26.307449 #9303]  INFO -- : Migrating to AddIndexToUsersType (20110401192910)
I, [2024-11-29T02:54:26.336135 #9303]  INFO -- : Migrating to AddRolesIssuesVisibility (20110408103312)
I, [2024-11-29T02:54:26.393670 #9303]  INFO -- : Migrating to AddIssuesIsPrivate (20110412065600)
I, [2024-11-29T02:54:26.428931 #9303]  INFO -- : Migrating to AddRepositoriesExtraInfo (20110511000000)
I, [2024-11-29T02:54:26.459176 #9303]  INFO -- : Migrating to CreateChangesetParents (20110902000000)
I, [2024-11-29T02:54:26.534445 #9303]  INFO -- : Migrating to AddUniqueIndexToIssueRelations (20111201201315)
I, [2024-11-29T02:54:26.564161 #9303]  INFO -- : Migrating to AddRepositoriesIdentifier (20120115143024)
I, [2024-11-29T02:54:26.594278 #9303]  INFO -- : Migrating to AddRepositoriesIsDefault (20120115143100)
I, [2024-11-29T02:54:26.625253 #9303]  INFO -- : Migrating to SetDefaultRepositories (20120115143126)
I, [2024-11-29T02:54:26.627710 #9303]  INFO -- : Migrating to AddCustomFieldsMultiple (20120127174243)
I, [2024-11-29T02:54:26.656378 #9303]  INFO -- : Migrating to ChangeUsersLoginLimit (20120205111326)
I, [2024-11-29T02:54:26.714721 #9303]  INFO -- : Migrating to ChangeAttachmentsContainerDefaults (20120223110929)
I, [2024-11-29T02:54:26.886256 #9303]  INFO -- : Migrating to AddAuthSourcesFilter (20120301153455)
I, [2024-11-29T02:54:26.917507 #9303]  INFO -- : Migrating to ChangeRepositoriesToFullSti (20120422150750)
I, [2024-11-29T02:54:26.919599 #9303]  INFO -- : Migrating to AddTrackersFieldsBits (20120705074331)
I, [2024-11-29T02:54:26.951457 #9303]  INFO -- : Migrating to AddAuthSourcesTimeout (20120707064544)
I, [2024-11-29T02:54:26.979474 #9303]  INFO -- : Migrating to AddWorkflowsType (20120714122000)
I, [2024-11-29T02:54:27.012961 #9303]  INFO -- : Migrating to UpdateWorkflowsToSti (20120714122100)
I, [2024-11-29T02:54:27.014735 #9303]  INFO -- : Migrating to AddWorkflowsRuleFields (20120714122200)
I, [2024-11-29T02:54:27.075980 #9303]  INFO -- : Migrating to AddBoardsParentId (20120731164049)
I, [2024-11-29T02:54:27.107090 #9303]  INFO -- : Migrating to AddJournalsPrivateNotes (20120930112914)
I, [2024-11-29T02:54:27.139532 #9303]  INFO -- : Migrating to AddEnumerationsPositionName (20121026002032)
I, [2024-11-29T02:54:27.169356 #9303]  INFO -- : Migrating to PopulateEnumerationsPositionName (20121026003537)
I, [2024-11-29T02:54:27.174810 #9303]  INFO -- : Migrating to AddQueriesType (20121209123234)
I, [2024-11-29T02:54:27.205517 #9303]  INFO -- : Migrating to UpdateQueriesToSti (20121209123358)
I, [2024-11-29T02:54:27.221077 #9303]  INFO -- : Migrating to AddAttachmentsDiskDirectory (20121213084931)
I, [2024-11-29T02:54:27.255656 #9303]  INFO -- : Migrating to SplitDocumentsPermissions (20130110122628)
I, [2024-11-29T02:54:27.258066 #9303]  INFO -- : Migrating to AddUniqueIndexOnTokensValue (20130201184705)
I, [2024-11-29T02:54:27.288837 #9303]  INFO -- : Migrating to AddProjectsInheritMembers (20130202090625)
I, [2024-11-29T02:54:27.321026 #9303]  INFO -- : Migrating to AddUniqueIndexOnCustomFieldsTrackers (20130207175206)
I, [2024-11-29T02:54:27.376949 #9303]  INFO -- : Migrating to AddUniqueIndexOnCustomFieldsProjects (20130207181455)
I, [2024-11-29T02:54:27.430349 #9303]  INFO -- : Migrating to ChangeUsersLastnameLengthTo255 (20130215073721)
I, [2024-11-29T02:54:27.465225 #9303]  INFO -- : Migrating to AddIssuesClosedOn (20130215111127)
I, [2024-11-29T02:54:27.503182 #9303]  INFO -- : Migrating to PopulateIssuesClosedOn (20130215111141)
I, [2024-11-29T02:54:27.506385 #9303]  INFO -- : Migrating to RemoveIssuesDefaultFkValues (20130217094251)
I, [2024-11-29T02:54:27.650312 #9303]  INFO -- : Migrating to CreateQueriesRoles (20130602092539)
I, [2024-11-29T02:54:27.703728 #9303]  INFO -- : Migrating to AddQueriesVisibility (20130710182539)
I, [2024-11-29T02:54:27.763269 #9303]  INFO -- : Migrating to CreateCustomFieldsRoles (20130713104233)
I, [2024-11-29T02:54:27.819607 #9303]  INFO -- : Migrating to AddQueriesOptions (20130713111657)
I, [2024-11-29T02:54:27.850811 #9303]  INFO -- : Migrating to AddUsersMustChangePasswd (20130729070143)
I, [2024-11-29T02:54:27.907220 #9303]  INFO -- : Migrating to RemoveEolsFromAttachmentsFilename (20130911193200)
I, [2024-11-29T02:54:27.909329 #9303]  INFO -- : Migrating to SupportForMultipleCommitKeywords (20131004113137)
I, [2024-11-29T02:54:27.912682 #9303]  INFO -- : Migrating to AddRepositoriesCreatedOn (20131005100610)
I, [2024-11-29T02:54:27.943569 #9303]  INFO -- : Migrating to AddCustomFieldsFormatStore (20131124175346)
I, [2024-11-29T02:54:27.971598 #9303]  INFO -- : Migrating to AddCustomFieldsDescription (20131210180802)
I, [2024-11-29T02:54:27.999641 #9303]  INFO -- : Migrating to RemoveCustomFieldsMinMaxLengthDefaultValues (20131214094309)
I, [2024-11-29T02:54:28.057691 #9303]  INFO -- : Migrating to StoreRelationTypeInJournalDetails (20131215104612)
I, [2024-11-29T02:54:28.066521 #9303]  INFO -- : Migrating to DeleteOrphanTimeEntriesCustomValues (20131218183023)
I, [2024-11-29T02:54:28.068551 #9303]  INFO -- : Migrating to ChangeChangesetsCommentsLimit (20140228130325)
I, [2024-11-29T02:54:28.100024 #9303]  INFO -- : Migrating to AddPasswordChangedAtToUser (20140903143914)
I, [2024-11-29T02:54:28.155789 #9303]  INFO -- : Migrating to InsertBuiltinGroups (20140920094058)
W, [2024-11-29T02:54:28.162317 #9303]  WARN -- : Creating scope :sorted. Overwriting existing method Group.sorted.
I, [2024-11-29T02:54:28.256826 #9303]  INFO -- : Migrating to AddTrackersDefaultStatusId (20141029181752)
I, [2024-11-29T02:54:28.287034 #9303]  INFO -- : Migrating to RemoveIssueStatusesIsDefault (20141029181824)
I, [2024-11-29T02:54:28.316631 #9303]  INFO -- : Migrating to AddRolesUsersVisibility (20141109112308)
I, [2024-11-29T02:54:28.368812 #9303]  INFO -- : Migrating to AddWikiRedirectsRedirectsToWikiId (20141122124142)
I, [2024-11-29T02:54:28.428619 #9303]  INFO -- : Migrating to CreateEmailAddresses (20150113194759)
I, [2024-11-29T02:54:28.454193 #9303]  INFO -- : Migrating to PopulateEmailAddresses (20150113211532)
I, [2024-11-29T02:54:28.458265 #9303]  INFO -- : Migrating to RemoveUsersMail (20150113213922)
I, [2024-11-29T02:54:28.509149 #9303]  INFO -- : Migrating to AddEmailAddressesUserIdIndex (20150113213955)
I, [2024-11-29T02:54:28.536859 #9303]  INFO -- : Migrating to ReplaceMoveIssuesPermission (20150208105930)
I, [2024-11-29T02:54:28.539746 #9303]  INFO -- : Migrating to ChangeDocumentsTitleLimit (20150510083747)
I, [2024-11-29T02:54:28.555158 #9303]  INFO -- : Migrating to ClearEstimatedHoursOnParentIssues (20150525103953)
I, [2024-11-29T02:54:28.559532 #9303]  INFO -- : Migrating to AddRolesTimeEntriesVisibility (20150526183158)
I, [2024-11-29T02:54:28.613215 #9303]  INFO -- : Migrating to AddRolesAllRolesManaged (20150528084820)
I, [2024-11-29T02:54:28.666040 #9303]  INFO -- : Migrating to CreateRolesManagedRoles (20150528092912)
I, [2024-11-29T02:54:28.692271 #9303]  INFO -- : Migrating to AddUniqueIndexOnRolesManagedRoles (20150528093249)
I, [2024-11-29T02:54:28.721748 #9303]  INFO -- : Migrating to InsertAllowedStatusesForNewIssues (20150725112753)
I, [2024-11-29T02:54:28.726580 #9303]  INFO -- : Migrating to CreateImports (20150730122707)
I, [2024-11-29T02:54:28.752899 #9303]  INFO -- : Migrating to CreateImportItems (20150730122735)
I, [2024-11-29T02:54:28.778640 #9303]  INFO -- : Migrating to ChangeTimeEntriesCommentsLimitTo1024 (20150921204850)
I, [2024-11-29T02:54:28.804648 #9303]  INFO -- : Migrating to ChangeWikiContentsCommentsLimitTo1024 (20150921210243)
I, [2024-11-29T02:54:28.854881 #9303]  INFO -- : Migrating to ChangeAttachmentsFilesizeLimitTo8 (20151020182334)
I, [2024-11-29T02:54:28.885295 #9303]  INFO -- : Migrating to FixCommaInUserFormatSettingValue (20151020182731)
I, [2024-11-29T02:54:28.887457 #9303]  INFO -- : Migrating to ChangeIssueCategoriesNameLimitTo60 (20151021184614)
I, [2024-11-29T02:54:28.911349 #9303]  INFO -- : Migrating to ChangeAuthSourcesFilterToText (20151021185456)
I, [2024-11-29T02:54:28.942101 #9303]  INFO -- : Migrating to ChangeUserPreferencesHideMailDefaultToTrue (20151021190616)
I, [2024-11-29T02:54:28.982099 #9303]  INFO -- : Migrating to AddTokensUpdatedOn (20151024082034)
I, [2024-11-29T02:54:29.012192 #9303]  INFO -- : Migrating to CreateCustomFieldEnumerations (20151025072118)
I, [2024-11-29T02:54:29.036975 #9303]  INFO -- : Migrating to AddProjectsDefaultVersionId (20151031095005)
I, [2024-11-29T02:54:29.066999 #9303]  INFO -- : Migrating to ForcePasswordResetDuringSetup (20160404080304)
I, [2024-11-29T02:54:29.069332 #9303]  INFO -- : Migrating to RemovePositionDefaults (20160416072926)
I, [2024-11-29T02:54:29.220903 #9303]  INFO -- : Migrating to AddRolesSettings (20160529063352)
I, [2024-11-29T02:54:29.274451 #9303]  INFO -- : Migrating to AddTrackerIdIndexToWorkflows (20161001122012)
I, [2024-11-29T02:54:29.299585 #9303]  INFO -- : Migrating to AddIndexOnMemberRolesInheritedFrom (20161002133421)
I, [2024-11-29T02:54:29.323647 #9303]  INFO -- : Migrating to ChangeIssuesDescriptionLimit (20161010081301)
I, [2024-11-29T02:54:29.356966 #9303]  INFO -- : Migrating to ChangeJournalDetailsValueLimit (20161010081528)
I, [2024-11-29T02:54:29.414356 #9303]  INFO -- : Migrating to ChangeJournalsNotesLimit (20161010081600)
I, [2024-11-29T02:54:29.445035 #9303]  INFO -- : Migrating to AddIndexOnChangesetsIssuesIssueId (20161126094932)
I, [2024-11-29T02:54:29.469315 #9303]  INFO -- : Migrating to AddIndexOnIssuesParentId (20161220091118)
I, [2024-11-29T02:54:29.492929 #9303]  INFO -- : Migrating to AddIndexOnDiskFilenameToAttachments (20170207050700)
I, [2024-11-29T02:54:29.516769 #9303]  INFO -- : Migrating to ChangeAttachmentsDigestLimitTo64 (20170302015225)
I, [2024-11-29T02:54:29.539706 #9303]  INFO -- : Migrating to AddProjectDefaultAssignedToId (20170309214320)
I, [2024-11-29T02:54:29.569670 #9303]  INFO -- : Migrating to ChangeRepositoriesExtraInfoLimit (20170320051650)
I, [2024-11-29T02:54:29.601530 #9303]  INFO -- : Migrating to AddViewNewsToAllExistingRoles (20170418090031)
I, [2024-11-29T02:54:29.607830 #9303]  INFO -- : Migrating to AddViewMessagesToAllExistingRoles (20170419144536)
I, [2024-11-29T02:54:29.613433 #9303]  INFO -- : Migrating to RenameCommentsToContent (20170723112801)
I, [2024-11-29T02:54:29.639854 #9303]  INFO -- : Migrating to AddAuthorIdToTimeEntries (20180501132547)
I, [2024-11-29T02:54:29.672686 #9303]  INFO -- : Migrating to AddVerifyPeerToAuthSources (20180913072918)
I, [2024-11-29T02:54:29.702305 #9303]  INFO -- : Migrating to ChangeSqliteBooleansTo0And1 (20180923082945)
I, [2024-11-29T02:54:29.726929 #9303]  INFO -- : Migrating to ChangeSqliteBooleansDefault (20180923091603)
I, [2024-11-29T02:54:29.728543 #9303]  INFO -- : Migrating to ChangeCustomValuesValueLimit (20190315094151)
I, [2024-11-29T02:54:29.763679 #9303]  INFO -- : Migrating to AddTrackersDescription (20190315102101)
I, [2024-11-29T02:54:29.795145 #9303]  INFO -- : Migrating to AddUniqueIdToImportItems (20190510070108)
I, [2024-11-29T02:54:29.851254 #9303]  INFO -- : Migrating to ChangeRolesNameLimit (20190620135549)
I, [2024-11-29T02:54:29.883109 #9303]  INFO -- : Migrating to AddTwofaSchemeToUser (20200826153401)
I, [2024-11-29T02:54:29.943390 #9303]  INFO -- : Migrating to AddTotpToUser (20200826153402)
I, [2024-11-29T02:54:30.057703 #9303]  INFO -- : Migrating to AddTwofaRequiredToGroups (20210704125704)
I, [2024-11-29T02:54:30.116939 #9303]  INFO -- : Migrating to AddProjectsDefaultIssueQueryId (20210705111300)
I, [2024-11-29T02:54:30.147233 #9303]  INFO -- : Migrating to DropIsInChlogColumn (20210728131544)
I, [2024-11-29T02:54:30.178302 #9303]  INFO -- : Migrating to RemoveBccRecipientsSetting (20210801145548)
I, [2024-11-29T02:54:30.180777 #9303]  INFO -- : Migrating to RemoveOrphanedUserCustomValues (20210801211024)
I, [2024-11-29T02:54:30.183070 #9303]  INFO -- : Migrating to RemoveIdentityUrlFromUsers (20211213122100)
I, [2024-11-29T02:54:30.241028 #9303]  INFO -- : Migrating to DropOpenIdAuthenticationTables (20211213122101)
I, [2024-11-29T02:54:30.246681 #9303]  INFO -- : Migrating to RemoveOpenIdSetting (20211213122102)
I, [2024-11-29T02:54:30.248405 #9303]  INFO -- : Migrating to DeleteOrphanedTimeEntryActivities (20220224194639)
I, [2024-11-29T02:54:30.260182 #9303]  INFO -- : Migrating to AddJournalUpdatedOn (20220714093000)
I, [2024-11-29T02:54:30.294537 #9303]  INFO -- : Migrating to AddJournalUpdatedBy (20220714093010)
I, [2024-11-29T02:54:30.325049 #9303]  INFO -- : Migrating to AddDefaultTimeEntryActivityToRoles (20220806215628)
I, [2024-11-29T02:54:30.380157 #9303]  INFO -- : Migrating to DeleteOrphanedQueryAndRoleFromQueriesRoles (20221002193055)
I, [2024-11-29T02:54:30.382463 #9303]  INFO -- : Migrating to EnsureTextFormattingSettingIsStoredInDb (20221004172825)
I, [2024-11-29T02:54:30.384484 #9303]  INFO -- : Migrating to AddIndexToCustomValues (20221012135202)
I, [2024-11-29T02:54:30.431331 #9303]  INFO -- : Migrating to AddSelectProjectPublicityPermission (20221214173537)
I, [2024-11-29T02:54:30.433721 #9303]  INFO -- : Migrating to AddStatusDescription (20230818020734)
I, [2024-11-29T02:54:30.465396 #9303]  INFO -- : Migrating to RemoveMentionUsersPermission (20231012112407)
W, [2024-11-29T02:56:15.680867 #11213]  WARN -- : Creating scope :system. Overwriting existing method Enumeration.system.
W, [2024-11-29T02:56:16.162811 #11213]  WARN -- : Creating scope :sorted. Overwriting existing method User.sorted.
W, [2024-11-29T02:56:16.207334 #11213]  WARN -- : Creating scope :sorted. Overwriting existing method Group.sorted.
